[ 2014-11-04T21:59:27+08:00 ] ERR: (ThinkException) 非法操作:CategoryList
[ 2014-11-04T21:59:29+08:00 ] 127.0.0.1 /hospital/index.php?s=/Query/index
INFO: [ route_check ] --START--
INFO: Run CheckRoute Behavior [ RunTime:0.002861s ]
INFO: [ route_check ] --END-- [ RunTime:0.003019s ]
INFO: [ app_begin ] --START--
INFO: Run ReadHtmlCache Behavior [ RunTime:0.002361s ]
INFO: [ app_begin ] --END-- [ RunTime:0.002454s ]
SQL: select max(discharge_date_time) as discharge_date_time from medicare_charge where hosp_id = 1 [ RunTime:0.971663s ]
SQL: select min(discharge_date_time) as discharge_date_time from medicare_charge where hosp_id = 1 [ RunTime:0.710308s ]
NOTIC: [8] Undefined variable: hospital D:\Program Files\Apache Software Foundation\Apache2.2\htdocs\hospital\App\Lib\Action\QueryAction.class.php 第 49 行.
INFO: [ view_template ] --START--
INFO: Run LocationTemplate Behavior [ RunTime:0.004807s ]
INFO: [ view_template ] --END-- [ RunTime:0.005015s ]
INFO: [ view_parse ] --START--
NOTIC: [8] Undefined variable: patient_id D:\Program Files\Apache Software Foundation\Apache2.2\htdocs\hospital\App\Runtime\Cache\340cbc85552bff295d48901e608b48f8.php 第 108 行.
NOTIC: [8] Undefined variable: id_no D:\Program Files\Apache Software Foundation\Apache2.2\htdocs\hospital\App\Runtime\Cache\340cbc85552bff295d48901e608b48f8.php 第 116 行.
NOTIC: [8] Undefined variable: admission_date_time D:\Program Files\Apache Software Foundation\Apache2.2\htdocs\hospital\App\Runtime\Cache\340cbc85552bff295d48901e608b48f8.php 第 130 行.
NOTIC: [8] Undefined variable: discharge_date_time D:\Program Files\Apache Software Foundation\Apache2.2\htdocs\hospital\App\Runtime\Cache\340cbc85552bff295d48901e608b48f8.php 第 141 行.
NOTIC: [8] Undefined variable: chargeList D:\Program Files\Apache Software Foundation\Apache2.2\htdocs\hospital\App\Runtime\Cache\340cbc85552bff295d48901e608b48f8.php 第 162 行.
NOTIC: [8] Undefined variable: warn D:\Program Files\Apache Software Foundation\Apache2.2\htdocs\hospital\App\Runtime\Cache\340cbc85552bff295d48901e608b48f8.php 第 233 行.
INFO: Run ParseTemplate Behavior [ RunTime:0.037687s ]
INFO: [ view_parse ] --END-- [ RunTime:0.037798s ]
INFO: [ view_filter ] --START--
INFO: Run ContentReplace Behavior [ RunTime:0.002446s ]
INFO: Run TokenBuild Behavior [ RunTime:0.002150s ]
INFO: Run WriteHtmlCache Behavior [ RunTime:0.002124s ]
INFO: Run ShowRuntime Behavior [ RunTime:0.003129s ]
INFO: [ view_filter ] --END-- [ RunTime:0.010135s ]
INFO: [ view_end ] --START--
INFO: Run ShowPageTrace Behavior [ RunTime:0.002456s ]
INFO: [ view_end ] --END-- [ RunTime:0.002540s ]

[ 2014-11-04T22:06:50+08:00 ] 127.0.0.1 /hospital/index.php?s=/Index/index
INFO: [ route_check ] --START--
INFO: Run CheckRoute Behavior [ RunTime:0.000968s ]
INFO: [ route_check ] --END-- [ RunTime:0.001091s ]
INFO: [ app_begin ] --START--
INFO: Run ReadHtmlCache Behavior [ RunTime:0.000625s ]
INFO: [ app_begin ] --END-- [ RunTime:0.000743s ]
INFO: [ view_template ] --START--
INFO: Run LocationTemplate Behavior [ RunTime:0.002682s ]
INFO: [ view_template ] --END-- [ RunTime:0.002802s ]
INFO: [ view_parse ] --START--
INFO: Run ParseTemplate Behavior [ RunTime:0.019249s ]
INFO: [ view_parse ] --END-- [ RunTime:0.019402s ]
INFO: [ view_filter ] --START--
INFO: Run ContentReplace Behavior [ RunTime:0.001411s ]
INFO: Run TokenBuild Behavior [ RunTime:0.002171s ]
INFO: Run WriteHtmlCache Behavior [ RunTime:0.002882s ]
INFO: Run ShowRuntime Behavior [ RunTime:0.002975s ]
INFO: [ view_filter ] --END-- [ RunTime:0.009717s ]
INFO: [ view_end ] --START--
INFO: Run ShowPageTrace Behavior [ RunTime:0.002934s ]
INFO: [ view_end ] --END-- [ RunTime:0.003022s ]

[ 2014-11-04T22:06:50+08:00 ] ERR: (ThinkException) 非法操作:CategoryList
[ 2014-11-04T22:47:32+08:00 ] 127.0.0.1 /hospital/
INFO: [ app_begin ] --START--
INFO: Run ReadHtmlCache Behavior [ RunTime:0.002172s ]
INFO: [ app_begin ] --END-- [ RunTime:0.002333s ]
INFO: [ view_template ] --START--
INFO: Run LocationTemplate Behavior [ RunTime:0.002587s ]
INFO: [ view_template ] --END-- [ RunTime:0.002682s ]
INFO: [ view_parse ] --START--
INFO: Run ParseTemplate Behavior [ RunTime:0.018389s ]
INFO: [ view_parse ] --END-- [ RunTime:0.018519s ]
INFO: [ view_filter ] --START--
INFO: Run ContentReplace Behavior [ RunTime:0.001364s ]
INFO: Run TokenBuild Behavior [ RunTime:0.002162s ]
INFO: Run WriteHtmlCache Behavior [ RunTime:0.002078s ]
INFO: Run ShowRuntime Behavior [ RunTime:0.002277s ]
INFO: [ view_filter ] --END-- [ RunTime:0.008136s ]
INFO: [ view_end ] --START--
INFO: Run ShowPageTrace Behavior [ RunTime:0.002424s ]
INFO: [ view_end ] --END-- [ RunTime:0.002517s ]

[ 2014-11-04T22:47:33+08:00 ] ERR: (ThinkException) 非法操作:CategoryList
[ 2014-11-04T22:47:34+08:00 ] 127.0.0.1 /hospital/index.php?s=/Index/login
INFO: [ route_check ] --START--
INFO: Run CheckRoute Behavior [ RunTime:0.003342s ]
INFO: [ route_check ] --END-- [ RunTime:0.003547s ]
INFO: [ app_begin ] --START--
INFO: Run ReadHtmlCache Behavior [ RunTime:0.002596s ]
INFO: [ app_begin ] --END-- [ RunTime:0.002679s ]
SQL: SHOW COLUMNS FROM `admin` [ RunTime:0.005764s ]
SQL: SELECT * FROM `admin` WHERE ( `user_name` = 'guest' ) LIMIT 1   [ RunTime:0.000393s ]

[ 2014-11-04T22:47:37+08:00 ] 127.0.0.1 /hospital/index.php?s=/Index/login
INFO: [ route_check ] --START--
INFO: Run CheckRoute Behavior [ RunTime:0.005484s ]
INFO: [ route_check ] --END-- [ RunTime:0.005718s ]
INFO: [ app_begin ] --START--
INFO: Run ReadHtmlCache Behavior [ RunTime:0.004038s ]
INFO: [ app_begin ] --END-- [ RunTime:0.004326s ]
SQL: SHOW COLUMNS FROM `admin` [ RunTime:0.007294s ]
SQL: SELECT * FROM `admin` WHERE ( `user_name` = 'hospital' ) LIMIT 1   [ RunTime:0.000628s ]
SQL: SHOW COLUMNS FROM `log` [ RunTime:0.006447s ]
ERR: Table 'hospital.log' doesn't exist
 [ SQL语句 ] : SHOW COLUMNS FROM `log`
SQL: INSERT INTO `log` (`user_name`,`type`,`IP`) VALUES ('hospital','1','127.0.0.1') [ RunTime:0.000493s ]
ERR: Table 'hospital.log' doesn't exist
 [ SQL语句 ] : INSERT INTO `log` (`user_name`,`type`,`IP`) VALUES ('hospital','1','127.0.0.1')

[ 2014-11-04T22:47:37+08:00 ] 127.0.0.1 /hospital/index.php?s=/Import
INFO: [ route_check ] --START--
INFO: Run CheckRoute Behavior [ RunTime:0.002673s ]
INFO: [ route_check ] --END-- [ RunTime:0.002830s ]
INFO: [ app_begin ] --START--
INFO: Run ReadHtmlCache Behavior [ RunTime:0.002310s ]
INFO: [ app_begin ] --END-- [ RunTime:0.002402s ]
INFO: [ view_template ] --START--
INFO: Run LocationTemplate Behavior [ RunTime:0.003434s ]
INFO: [ view_template ] --END-- [ RunTime:0.003553s ]
INFO: [ view_parse ] --START--
INFO: Run ParseTemplate Behavior [ RunTime:0.026599s ]
INFO: [ view_parse ] --END-- [ RunTime:0.026802s ]
INFO: [ view_filter ] --START--
INFO: Run ContentReplace Behavior [ RunTime:0.002241s ]
INFO: Run TokenBuild Behavior [ RunTime:0.002105s ]
INFO: Run WriteHtmlCache Behavior [ RunTime:0.002026s ]
INFO: Run ShowRuntime Behavior [ RunTime:0.002206s ]
INFO: [ view_filter ] --END-- [ RunTime:0.008812s ]
INFO: [ view_end ] --START--
INFO: Run ShowPageTrace Behavior [ RunTime:0.002467s ]
INFO: [ view_end ] --END-- [ RunTime:0.002582s ]

[ 2014-11-04T22:47:37+08:00 ] ERR: (ThinkException) 非法操作:CategoryList
[ 2014-11-04T22:47:40+08:00 ] 127.0.0.1 /hospital/index.php?s=/Query/index
INFO: [ route_check ] --START--
INFO: Run CheckRoute Behavior [ RunTime:0.001622s ]
INFO: [ route_check ] --END-- [ RunTime:0.001757s ]
INFO: [ app_begin ] --START--
INFO: Run ReadHtmlCache Behavior [ RunTime:0.000897s ]
INFO: [ app_begin ] --END-- [ RunTime:0.001013s ]
SQL: select max(discharge_date_time) as discharge_date_time from medicare_charge where hosp_id = 1 [ RunTime:0.623447s ]
SQL: select min(discharge_date_time) as discharge_date_time from medicare_charge where hosp_id = 1 [ RunTime:0.655448s ]
NOTIC: [8] Undefined variable: hospital D:\Program Files\Apache Software Foundation\Apache2.2\htdocs\hospital\App\Lib\Action\QueryAction.class.php 第 49 行.
INFO: [ view_template ] --START--
INFO: Run LocationTemplate Behavior [ RunTime:0.003307s ]
INFO: [ view_template ] --END-- [ RunTime:0.003438s ]
INFO: [ view_parse ] --START--
NOTIC: [8] Undefined variable: patient_id D:\Program Files\Apache Software Foundation\Apache2.2\htdocs\hospital\App\Runtime\Cache\340cbc85552bff295d48901e608b48f8.php 第 108 行.
NOTIC: [8] Undefined variable: id_no D:\Program Files\Apache Software Foundation\Apache2.2\htdocs\hospital\App\Runtime\Cache\340cbc85552bff295d48901e608b48f8.php 第 116 行.
NOTIC: [8] Undefined variable: admission_date_time D:\Program Files\Apache Software Foundation\Apache2.2\htdocs\hospital\App\Runtime\Cache\340cbc85552bff295d48901e608b48f8.php 第 130 行.
NOTIC: [8] Undefined variable: discharge_date_time D:\Program Files\Apache Software Foundation\Apache2.2\htdocs\hospital\App\Runtime\Cache\340cbc85552bff295d48901e608b48f8.php 第 141 行.
NOTIC: [8] Undefined variable: chargeList D:\Program Files\Apache Software Foundation\Apache2.2\htdocs\hospital\App\Runtime\Cache\340cbc85552bff295d48901e608b48f8.php 第 162 行.
NOTIC: [8] Undefined variable: warn D:\Program Files\Apache Software Foundation\Apache2.2\htdocs\hospital\App\Runtime\Cache\340cbc85552bff295d48901e608b48f8.php 第 233 行.
INFO: Run ParseTemplate Behavior [ RunTime:0.034179s ]
INFO: [ view_parse ] --END-- [ RunTime:0.034293s ]
INFO: [ view_filter ] --START--
INFO: Run ContentReplace Behavior [ RunTime:0.001397s ]
INFO: Run TokenBuild Behavior [ RunTime:0.002275s ]
INFO: Run WriteHtmlCache Behavior [ RunTime:0.002139s ]
INFO: Run ShowRuntime Behavior [ RunTime:0.002267s ]
INFO: [ view_filter ] --END-- [ RunTime:0.008355s ]
INFO: [ view_end ] --START--
INFO: Run ShowPageTrace Behavior [ RunTime:0.002503s ]
INFO: [ view_end ] --END-- [ RunTime:0.002595s ]

