[ 2014-11-03T17:54:41+08:00 ] 127.0.0.1 /hospital/
INFO: [ app_begin ] --START--
INFO: Run ReadHtmlCache Behavior [ RunTime:0.028687s ]
INFO: [ app_begin ] --END-- [ RunTime:0.028915s ]
NOTIC: [8] Undefined index:  user D:\Program Files\Apache Software Foundation\Apache2.2\htdocs\hospital\App\Lib\Action\IndexAction.class.php 第 7 行.
NOTIC: [8] Undefined index:  user D:\Program Files\Apache Software Foundation\Apache2.2\htdocs\hospital\App\Lib\Action\IndexAction.class.php 第 12 行.
INFO: [ view_template ] --START--
INFO: Run LocationTemplate Behavior [ RunTime:0.030294s ]
INFO: [ view_template ] --END-- [ RunTime:0.030481s ]
INFO: [ view_parse ] --START--
INFO: Run ParseTemplate Behavior [ RunTime:0.196176s ]
INFO: [ view_parse ] --END-- [ RunTime:0.196410s ]
INFO: [ view_filter ] --START--
INFO: Run ContentReplace Behavior [ RunTime:0.014490s ]
INFO: Run TokenBuild Behavior [ RunTime:0.006759s ]
INFO: Run WriteHtmlCache Behavior [ RunTime:0.004864s ]
INFO: Run ShowRuntime Behavior [ RunTime:0.037978s ]
INFO: [ view_filter ] --END-- [ RunTime:0.064553s ]
INFO: [ view_end ] --START--
INFO: Run ShowPageTrace Behavior [ RunTime:0.008662s ]
INFO: [ view_end ] --END-- [ RunTime:0.008808s ]

[ 2014-11-03T17:54:42+08:00 ] ERR: (ThinkException) 非法操作:CategoryList
