[ 2014-11-09T21:41:57+08:00 ] 127.0.0.1 /hospital/
INFO: [ app_begin ] --START--
INFO: Run ReadHtmlCache Behavior [ RunTime:0.003507s ]
INFO: [ app_begin ] --END-- [ RunTime:0.003675s ]
NOTIC: [8] Undefined index:  user D:\Program Files\Apache Software Foundation\Apache2.2\htdocs\hospital\App\Lib\Action\IndexAction.class.php 第 7 行.
NOTIC: [8] Undefined index:  user D:\Program Files\Apache Software Foundation\Apache2.2\htdocs\hospital\App\Lib\Action\IndexAction.class.php 第 12 行.
INFO: [ view_template ] --START--
INFO: Run LocationTemplate Behavior [ RunTime:0.008710s ]
INFO: [ view_template ] --END-- [ RunTime:0.008854s ]
INFO: [ view_parse ] --START--
INFO: Run ParseTemplate Behavior [ RunTime:0.090578s ]
INFO: [ view_parse ] --END-- [ RunTime:0.090746s ]
INFO: [ view_filter ] --START--
INFO: Run ContentReplace Behavior [ RunTime:0.004003s ]
INFO: Run TokenBuild Behavior [ RunTime:0.002220s ]
INFO: Run WriteHtmlCache Behavior [ RunTime:0.001830s ]
INFO: Run ShowRuntime Behavior [ RunTime:0.002065s ]
INFO: [ view_filter ] --END-- [ RunTime:0.010431s ]
INFO: [ view_end ] --START--
INFO: Run ShowPageTrace Behavior [ RunTime:0.011214s ]
INFO: [ view_end ] --END-- [ RunTime:0.011335s ]

